[2026-04-01T06:29:46.158Z] [INFO] Moved 2026-04-01_accumulation_watchlist.json to raw_data/
[2026-04-01T06:29:46.161Z] [INFO] Moved 2026-04-01_commodity_opportunities.json to raw_data/
[2026-04-01T06:29:46.164Z] [INFO] Moved 2026-04-01_gate_status.json to raw_data/
[2026-04-01T06:29:46.167Z] [INFO] Moved 2026-04-01_gtt_audit.json to raw_data/
[2026-04-01T06:29:46.169Z] [INFO] Moved 2026-04-01_gtt_placement.json to raw_data/
[2026-04-01T06:29:46.172Z] [INFO] Moved 2026-04-01_news_opportunities.json to raw_data/
[2026-04-01T06:29:46.174Z] [INFO] Moved 2026-04-01_opportunities.json to raw_data/
[2026-04-01T06:29:46.177Z] [INFO] Moved 2026-04-01_portfolio_snapshot.json to raw_data/
[2026-04-01T06:29:46.179Z] [INFO] Moved 2026-04-01_value_screen.json to raw_data/
[2026-04-01T07:35:00.620Z] [INFO] Moved 2026-04-01_commodity_opportunities.json to raw_data/
[2026-04-01T07:35:00.638Z] [INFO] Moved 2026-04-01_gtt_audit.json to raw_data/
[2026-04-01T07:35:00.643Z] [INFO] Moved 2026-04-01_news_opportunities.json to raw_data/
[2026-04-01T07:35:00.647Z] [INFO] Moved 2026-04-01_opportunities.json to raw_data/
[2026-04-01T07:35:00.651Z] [INFO] Moved 2026-04-01_portfolio_snapshot.json to raw_data/
[2026-04-01T07:35:00.656Z] [INFO] Moved 2026-04-01_value_screen.json to raw_data/
[2026-04-01T07:44:32.050Z] [INFO] Moved 2026-04-01_gtt_audit.json to raw_data/
[2026-04-01T07:44:32.053Z] [INFO] Moved 2026-04-01_portfolio_snapshot.json to raw_data/
[2026-04-07T14:59:45.947Z] [INFO] Moved 2026-04-07_commodity_opportunities.json to raw_data/
[2026-04-07T14:59:45.952Z] [INFO] Moved 2026-04-07_gtt_audit.json to raw_data/
[2026-04-07T14:59:45.955Z] [INFO] Moved 2026-04-07_news_opportunities.json to raw_data/
[2026-04-07T14:59:45.959Z] [INFO] Moved 2026-04-07_opportunities.json to raw_data/
[2026-04-07T14:59:45.964Z] [INFO] Moved 2026-04-07_portfolio_snapshot.json to raw_data/
[2026-04-07T14:59:45.967Z] [INFO] Moved 2026-04-07_value_screen.json to raw_data/
[2026-04-07T15:30:00.303Z] [INFO] Moved 2026-04-07_commodity_opportunities.json to raw_data/
[2026-04-07T15:30:00.307Z] [INFO] Moved 2026-04-07_gate_status.json to raw_data/
[2026-04-07T15:30:00.313Z] [INFO] Moved 2026-04-07_gtt_audit.json to raw_data/
[2026-04-07T15:30:00.317Z] [INFO] Moved 2026-04-07_gtt_placement.json to raw_data/
[2026-04-07T15:30:00.322Z] [INFO] Moved 2026-04-07_news_opportunities.json to raw_data/
[2026-04-07T15:30:00.326Z] [INFO] Moved 2026-04-07_opportunities.json to raw_data/
[2026-04-07T15:30:00.330Z] [INFO] Moved 2026-04-07_portfolio_snapshot.json to raw_data/
[2026-04-07T15:30:00.335Z] [INFO] Moved 2026-04-07_value_screen.json to raw_data/
[2026-04-07T15:30:00.339Z] [INFO] Moved 2026-04-07_verification_gate.json to raw_data/
[2026-04-07T15:38:24.074Z] [INFO] Moved 2026-04-07_commodity_opportunities.json to raw_data/
[2026-04-07T15:38:24.106Z] [INFO] Moved 2026-04-07_news_opportunities.json to raw_data/
[2026-04-07T15:38:24.112Z] [INFO] Moved 2026-04-07_opportunities.json to raw_data/
[2026-04-07T15:45:48.290Z] [INFO] Moved 2026-04-07_commodity_opportunities.json to raw_data/
[2026-04-07T15:45:48.292Z] [INFO] Moved 2026-04-07_news_opportunities.json to raw_data/
[2026-04-07T15:45:48.294Z] [INFO] Moved 2026-04-07_opportunities.json to raw_data/
